<?xml version="1.0" encoding="UTF-8"?>
<!-- Generated by org.testng.reporters.JUnitReportReporter -->
<testsuite skipped="0" hostname="DESKTOP-TSVS0F2" name="com.sgic.lms.qa.test.LoginTest" tests="1" failures="0" timestamp="30 Nov 2018 14:32:42 GMT" time="18.018" errors="0">
  <testcase name="testOrangeHRM" time="18.018" classname="com.sgic.lms.qa.test.LoginTest"/>
</testsuite> <!-- com.sgic.lms.qa.test.LoginTest -->
