<?xml version="1.0" encoding="UTF-8"?>
<!-- Generated by org.testng.reporters.JUnitReportReporter -->
<testsuite skipped="0" hostname="DESKTOP-5PG9ILG" name="com.sgic.automation.demo.test.LoginTest" tests="1" failures="0" timestamp="24 Nov 2018 12:01:14 GMT" time="10.480" errors="0">
  <testcase name="testUntitledTestCase" time="10.480" classname="com.sgic.automation.demo.test.LoginTest"/>
</testsuite> <!-- com.sgic.automation.demo.test.LoginTest -->
